ERROR - 2014-09-20T17:54:55+02:00 - exception 'PDOException' with message 'SQLSTATE[HY000] [1045] Access denied for user 'root'@'localhost' (using password: YES)' in C:\Users\Jo Colina\Documents\www\picasso\src\Picasso\DB.php:21
Stack trace:
#0 C:\Users\Jo Colina\Documents\www\picasso\src\Picasso\DB.php(21): PDO->__construct('mysql:host=loca...', 'root', 'root', Array)
#1 C:\Users\Jo Colina\Documents\www\picasso\index.php(265): Picasso\DB->__construct()
#2 [internal function]: {closure}()
#3 C:\Users\Jo Colina\Documents\www\picasso\vendor\slim\slim\Slim\Route.php(441): call_user_func_array(Object(Closure), Array)
#4 C:\Users\Jo Colina\Documents\www\picasso\vendor\slim\slim\Slim\Slim.php(1314): Slim\Route->dispatch()
#5 C:\Users\Jo Colina\Documents\www\picasso\vendor\slim\slim\Slim\Middleware\Flash.php(85): Slim\Slim->call()
#6 C:\Users\Jo Colina\Documents\www\picasso\vendor\slim\slim\Slim\Middleware\MethodOverride.php(92): Slim\Middleware\Flash->call()
#7 C:\Users\Jo Colina\Documents\www\picasso\vendor\slim\slim\Slim\Middleware\PrettyExceptions.php(67): Slim\Middleware\MethodOverride->call()
#8 C:\Users\Jo Colina\Documents\www\picasso\vendor\slim\slim\Slim\Slim.php(1261): Slim\Middleware\PrettyExceptions->call()
#9 C:\Users\Jo Colina\Documents\www\picasso\index.php(488): Slim\Slim->run()
#10 {main}
ERROR - 2014-09-20T17:56:20+02:00 - exception 'PDOException' with message 'SQLSTATE[HY000] [1045] Access denied for user 'root'@'localhost' (using password: YES)' in C:\Users\Jo Colina\Documents\www\picasso\src\Picasso\DB.php:21
Stack trace:
#0 C:\Users\Jo Colina\Documents\www\picasso\src\Picasso\DB.php(21): PDO->__construct('mysql:host=loca...', 'root', 'root', Array)
#1 C:\Users\Jo Colina\Documents\www\picasso\index.php(265): Picasso\DB->__construct()
#2 [internal function]: {closure}()
#3 C:\Users\Jo Colina\Documents\www\picasso\vendor\slim\slim\Slim\Route.php(441): call_user_func_array(Object(Closure), Array)
#4 C:\Users\Jo Colina\Documents\www\picasso\vendor\slim\slim\Slim\Slim.php(1314): Slim\Route->dispatch()
#5 C:\Users\Jo Colina\Documents\www\picasso\vendor\slim\slim\Slim\Middleware\Flash.php(85): Slim\Slim->call()
#6 C:\Users\Jo Colina\Documents\www\picasso\vendor\slim\slim\Slim\Middleware\MethodOverride.php(92): Slim\Middleware\Flash->call()
#7 C:\Users\Jo Colina\Documents\www\picasso\vendor\slim\slim\Slim\Middleware\PrettyExceptions.php(67): Slim\Middleware\MethodOverride->call()
#8 C:\Users\Jo Colina\Documents\www\picasso\vendor\slim\slim\Slim\Slim.php(1261): Slim\Middleware\PrettyExceptions->call()
#9 C:\Users\Jo Colina\Documents\www\picasso\index.php(488): Slim\Slim->run()
#10 {main}
INFO - 2014-09-20T17:58:29+02:00 - Calling getCategories function on CATALOG service
ERROR - 2014-09-20T17:58:29+02:00 - Impossible de charger les produits depuis Payutc
INFO - 2014-09-20T17:59:11+02:00 - Calling getCategories function on CATALOG service
ERROR - 2014-09-20T17:59:11+02:00 - Impossible de charger les produits depuis Payutc
INFO - 2014-09-20T17:59:56+02:00 - Calling getCategories function on CATALOG service
ERROR - 2014-09-20T17:59:56+02:00 - Impossible de charger les produits depuis Payutc
INFO - 2014-09-20T18:06:40+02:00 - Calling getCategories function on CATALOG service
ERROR - 2014-09-20T18:06:40+02:00 - Impossible de charger les produits depuis Payutc
INFO - 2014-09-20T18:12:04+02:00 - Calling getCategories function on CATALOG service
ERROR - 2014-09-20T18:12:04+02:00 - Impossible de charger les produits depuis Payutc
INFO - 2014-09-20T18:22:34+02:00 - Calling getCategories function on CATALOG service
ERROR - 2014-09-20T18:22:34+02:00 - Impossible de charger les produits depuis Payutc
INFO - 2014-09-20T18:23:00+02:00 - Calling getCategories function on CATALOG service
ERROR - 2014-09-20T18:23:00+02:00 - Impossible de charger les produits depuis Payutc
INFO - 2014-09-20T18:31:44+02:00 - Calling getCategories function on CATALOG service
ERROR - 2014-09-20T18:31:44+02:00 - Impossible de charger les produits depuis Payutc
INFO - 2014-09-20T18:32:19+02:00 - Calling getCategories function on CATALOG service
ERROR - 2014-09-20T18:32:19+02:00 - Impossible de charger les produits depuis Payutc
ERROR - 2014-09-20T18:32:19+02:00 - exception 'ErrorException' with message 'Undefined variable: _' in C:\Users\Jo Colina\Documents\www\picasso\templates\default.php:537
Stack trace:
#0 C:\Users\Jo Colina\Documents\www\picasso\templates\default.php(537): Slim\Slim::handleErrors(8, 'Undefined varia...', 'C:\\Users\\Jo Col...', 537, Array)
#1 C:\Users\Jo Colina\Documents\www\picasso\vendor\slim\slim\Slim\View.php(278): require('C:\\Users\\Jo Col...')
#2 C:\Users\Jo Colina\Documents\www\picasso\vendor\slim\slim\Slim\View.php(255): Slim\View->render('default.php', NULL)
#3 C:\Users\Jo Colina\Documents\www\picasso\vendor\slim\slim\Slim\View.php(243): Slim\View->fetch('default.php', NULL)
#4 C:\Users\Jo Colina\Documents\www\picasso\vendor\slim\slim\Slim\Slim.php(751): Slim\View->display('default.php')
#5 C:\Users\Jo Colina\Documents\www\picasso\index.php(460): Slim\Slim->render('default.php', Array)
#6 [internal function]: {closure}()
#7 C:\Users\Jo Colina\Documents\www\picasso\vendor\slim\slim\Slim\Route.php(441): call_user_func_array(Object(Closure), Array)
#8 C:\Users\Jo Colina\Documents\www\picasso\vendor\slim\slim\Slim\Slim.php(1314): Slim\Route->dispatch()
#9 C:\Users\Jo Colina\Documents\www\picasso\vendor\slim\slim\Slim\Middleware\Flash.php(85): Slim\Slim->call()
#10 C:\Users\Jo Colina\Documents\www\picasso\vendor\slim\slim\Slim\Middleware\MethodOverride.php(92): Slim\Middleware\Flash->call()
#11 C:\Users\Jo Colina\Documents\www\picasso\vendor\slim\slim\Slim\Middleware\PrettyExceptions.php(67): Slim\Middleware\MethodOverride->call()
#12 C:\Users\Jo Colina\Documents\www\picasso\vendor\slim\slim\Slim\Slim.php(1261): Slim\Middleware\PrettyExceptions->call()
#13 C:\Users\Jo Colina\Documents\www\picasso\index.php(488): Slim\Slim->run()
#14 {main}
INFO - 2014-09-20T18:33:14+02:00 - Calling getCategories function on CATALOG service
ERROR - 2014-09-20T18:33:14+02:00 - Impossible de charger les produits depuis Payutc
ERROR - 2014-09-20T18:33:14+02:00 - exception 'ErrorException' with message 'Undefined variable: _' in C:\Users\Jo Colina\Documents\www\picasso\templates\default.php:537
Stack trace:
#0 C:\Users\Jo Colina\Documents\www\picasso\templates\default.php(537): Slim\Slim::handleErrors(8, 'Undefined varia...', 'C:\\Users\\Jo Col...', 537, Array)
#1 C:\Users\Jo Colina\Documents\www\picasso\vendor\slim\slim\Slim\View.php(278): require('C:\\Users\\Jo Col...')
#2 C:\Users\Jo Colina\Documents\www\picasso\vendor\slim\slim\Slim\View.php(255): Slim\View->render('default.php', NULL)
#3 C:\Users\Jo Colina\Documents\www\picasso\vendor\slim\slim\Slim\View.php(243): Slim\View->fetch('default.php', NULL)
#4 C:\Users\Jo Colina\Documents\www\picasso\vendor\slim\slim\Slim\Slim.php(751): Slim\View->display('default.php')
#5 C:\Users\Jo Colina\Documents\www\picasso\index.php(460): Slim\Slim->render('default.php', Array)
#6 [internal function]: {closure}()
#7 C:\Users\Jo Colina\Documents\www\picasso\vendor\slim\slim\Slim\Route.php(441): call_user_func_array(Object(Closure), Array)
#8 C:\Users\Jo Colina\Documents\www\picasso\vendor\slim\slim\Slim\Slim.php(1314): Slim\Route->dispatch()
#9 C:\Users\Jo Colina\Documents\www\picasso\vendor\slim\slim\Slim\Middleware\Flash.php(85): Slim\Slim->call()
#10 C:\Users\Jo Colina\Documents\www\picasso\vendor\slim\slim\Slim\Middleware\MethodOverride.php(92): Slim\Middleware\Flash->call()
#11 C:\Users\Jo Colina\Documents\www\picasso\vendor\slim\slim\Slim\Middleware\PrettyExceptions.php(67): Slim\Middleware\MethodOverride->call()
#12 C:\Users\Jo Colina\Documents\www\picasso\vendor\slim\slim\Slim\Slim.php(1261): Slim\Middleware\PrettyExceptions->call()
#13 C:\Users\Jo Colina\Documents\www\picasso\index.php(488): Slim\Slim->run()
#14 {main}
INFO - 2014-09-20T18:34:03+02:00 - Calling getCategories function on CATALOG service
ERROR - 2014-09-20T18:34:03+02:00 - Impossible de charger les produits depuis Payutc
ERROR - 2014-09-20T18:34:03+02:00 - exception 'ErrorException' with message 'Undefined index: scroll' in C:\Users\Jo Colina\Documents\www\picasso\templates\default.php:537
Stack trace:
#0 C:\Users\Jo Colina\Documents\www\picasso\templates\default.php(537): Slim\Slim::handleErrors(8, 'Undefined index...', 'C:\\Users\\Jo Col...', 537, Array)
#1 C:\Users\Jo Colina\Documents\www\picasso\vendor\slim\slim\Slim\View.php(278): require('C:\\Users\\Jo Col...')
#2 C:\Users\Jo Colina\Documents\www\picasso\vendor\slim\slim\Slim\View.php(255): Slim\View->render('default.php', NULL)
#3 C:\Users\Jo Colina\Documents\www\picasso\vendor\slim\slim\Slim\View.php(243): Slim\View->fetch('default.php', NULL)
#4 C:\Users\Jo Colina\Documents\www\picasso\vendor\slim\slim\Slim\Slim.php(751): Slim\View->display('default.php')
#5 C:\Users\Jo Colina\Documents\www\picasso\index.php(460): Slim\Slim->render('default.php', Array)
#6 [internal function]: {closure}()
#7 C:\Users\Jo Colina\Documents\www\picasso\vendor\slim\slim\Slim\Route.php(441): call_user_func_array(Object(Closure), Array)
#8 C:\Users\Jo Colina\Documents\www\picasso\vendor\slim\slim\Slim\Slim.php(1314): Slim\Route->dispatch()
#9 C:\Users\Jo Colina\Documents\www\picasso\vendor\slim\slim\Slim\Middleware\Flash.php(85): Slim\Slim->call()
#10 C:\Users\Jo Colina\Documents\www\picasso\vendor\slim\slim\Slim\Middleware\MethodOverride.php(92): Slim\Middleware\Flash->call()
#11 C:\Users\Jo Colina\Documents\www\picasso\vendor\slim\slim\Slim\Middleware\PrettyExceptions.php(67): Slim\Middleware\MethodOverride->call()
#12 C:\Users\Jo Colina\Documents\www\picasso\vendor\slim\slim\Slim\Slim.php(1261): Slim\Middleware\PrettyExceptions->call()
#13 C:\Users\Jo Colina\Documents\www\picasso\index.php(488): Slim\Slim->run()
#14 {main}
INFO - 2014-09-20T18:34:25+02:00 - Calling getCategories function on CATALOG service
ERROR - 2014-09-20T18:34:25+02:00 - Impossible de charger les produits depuis Payutc
INFO - 2014-09-20T18:34:46+02:00 - Calling getCategories function on CATALOG service
ERROR - 2014-09-20T18:34:46+02:00 - Impossible de charger les produits depuis Payutc
INFO - 2014-09-20T18:35:29+02:00 - Calling getCategories function on CATALOG service
ERROR - 2014-09-20T18:35:29+02:00 - Impossible de charger les produits depuis Payutc
INFO - 2014-09-20T18:35:47+02:00 - Calling getCategories function on CATALOG service
ERROR - 2014-09-20T18:35:47+02:00 - Impossible de charger les produits depuis Payutc
INFO - 2014-09-20T18:36:18+02:00 - Calling getCategories function on CATALOG service
ERROR - 2014-09-20T18:36:18+02:00 - Impossible de charger les produits depuis Payutc
