INFO - 2014-09-21T12:39:13+02:00 - Calling getCategories function on CATALOG service
ERROR - 2014-09-21T12:39:13+02:00 - Impossible de charger les produits depuis Payutc
ERROR - 2014-09-21T12:39:14+02:00 - exception 'ErrorException' with message 'Undefined index: scroll' in C:\Users\Jo Colina\Documents\www\picasso\templates\default.php:537
Stack trace:
#0 C:\Users\Jo Colina\Documents\www\picasso\templates\default.php(537): Slim\Slim::handleErrors(8, 'Undefined index...', 'C:\\Users\\Jo Col...', 537, Array)
#1 C:\Users\Jo Colina\Documents\www\picasso\vendor\slim\slim\Slim\View.php(278): require('C:\\Users\\Jo Col...')
#2 C:\Users\Jo Colina\Documents\www\picasso\vendor\slim\slim\Slim\View.php(255): Slim\View->render('default.php', NULL)
#3 C:\Users\Jo Colina\Documents\www\picasso\vendor\slim\slim\Slim\View.php(243): Slim\View->fetch('default.php', NULL)
#4 C:\Users\Jo Colina\Documents\www\picasso\vendor\slim\slim\Slim\Slim.php(751): Slim\View->display('default.php')
#5 C:\Users\Jo Colina\Documents\www\picasso\index.php(460): Slim\Slim->render('default.php', Array)
#6 [internal function]: {closure}()
#7 C:\Users\Jo Colina\Documents\www\picasso\vendor\slim\slim\Slim\Route.php(441): call_user_func_array(Object(Closure), Array)
#8 C:\Users\Jo Colina\Documents\www\picasso\vendor\slim\slim\Slim\Slim.php(1314): Slim\Route->dispatch()
#9 C:\Users\Jo Colina\Documents\www\picasso\vendor\slim\slim\Slim\Middleware\Flash.php(85): Slim\Slim->call()
#10 C:\Users\Jo Colina\Documents\www\picasso\vendor\slim\slim\Slim\Middleware\MethodOverride.php(92): Slim\Middleware\Flash->call()
#11 C:\Users\Jo Colina\Documents\www\picasso\vendor\slim\slim\Slim\Middleware\PrettyExceptions.php(67): Slim\Middleware\MethodOverride->call()
#12 C:\Users\Jo Colina\Documents\www\picasso\vendor\slim\slim\Slim\Slim.php(1261): Slim\Middleware\PrettyExceptions->call()
#13 C:\Users\Jo Colina\Documents\www\picasso\index.php(488): Slim\Slim->run()
#14 {main}
INFO - 2014-09-21T12:39:42+02:00 - Calling getCategories function on CATALOG service
ERROR - 2014-09-21T12:39:42+02:00 - Impossible de charger les produits depuis Payutc
INFO - 2014-09-21T13:15:53+02:00 - Calling getCategories function on CATALOG service
ERROR - 2014-09-21T13:15:53+02:00 - Impossible de charger les produits depuis Payutc
INFO - 2014-09-21T15:42:57+02:00 - Calling getCategories function on CATALOG service
ERROR - 2014-09-21T15:42:57+02:00 - Impossible de charger les produits depuis Payutc
ERROR - 2014-09-21T15:42:57+02:00 - exception 'ErrorException' with message 'Undefined index: scroll' in C:\Users\Jo Colina\Documents\www\picasso\templates\default.php:537
Stack trace:
#0 C:\Users\Jo Colina\Documents\www\picasso\templates\default.php(537): Slim\Slim::handleErrors(8, 'Undefined index...', 'C:\\Users\\Jo Col...', 537, Array)
#1 C:\Users\Jo Colina\Documents\www\picasso\vendor\slim\slim\Slim\View.php(278): require('C:\\Users\\Jo Col...')
#2 C:\Users\Jo Colina\Documents\www\picasso\vendor\slim\slim\Slim\View.php(255): Slim\View->render('default.php', NULL)
#3 C:\Users\Jo Colina\Documents\www\picasso\vendor\slim\slim\Slim\View.php(243): Slim\View->fetch('default.php', NULL)
#4 C:\Users\Jo Colina\Documents\www\picasso\vendor\slim\slim\Slim\Slim.php(751): Slim\View->display('default.php')
#5 C:\Users\Jo Colina\Documents\www\picasso\index.php(460): Slim\Slim->render('default.php', Array)
#6 [internal function]: {closure}()
#7 C:\Users\Jo Colina\Documents\www\picasso\vendor\slim\slim\Slim\Route.php(441): call_user_func_array(Object(Closure), Array)
#8 C:\Users\Jo Colina\Documents\www\picasso\vendor\slim\slim\Slim\Slim.php(1314): Slim\Route->dispatch()
#9 C:\Users\Jo Colina\Documents\www\picasso\vendor\slim\slim\Slim\Middleware\Flash.php(85): Slim\Slim->call()
#10 C:\Users\Jo Colina\Documents\www\picasso\vendor\slim\slim\Slim\Middleware\MethodOverride.php(92): Slim\Middleware\Flash->call()
#11 C:\Users\Jo Colina\Documents\www\picasso\vendor\slim\slim\Slim\Middleware\PrettyExceptions.php(67): Slim\Middleware\MethodOverride->call()
#12 C:\Users\Jo Colina\Documents\www\picasso\vendor\slim\slim\Slim\Slim.php(1261): Slim\Middleware\PrettyExceptions->call()
#13 C:\Users\Jo Colina\Documents\www\picasso\index.php(488): Slim\Slim->run()
#14 {main}
INFO - 2014-09-21T15:44:29+02:00 - Calling getCategories function on CATALOG service
ERROR - 2014-09-21T15:44:29+02:00 - Impossible de charger les produits depuis Payutc
INFO - 2014-09-21T15:45:02+02:00 - Calling getCategories function on CATALOG service
ERROR - 2014-09-21T15:45:02+02:00 - Impossible de charger les produits depuis Payutc
INFO - 2014-09-21T15:45:18+02:00 - Calling getCategories function on CATALOG service
ERROR - 2014-09-21T15:45:18+02:00 - Impossible de charger les produits depuis Payutc
INFO - 2014-09-21T15:45:40+02:00 - Calling getCategories function on CATALOG service
ERROR - 2014-09-21T15:45:40+02:00 - Impossible de charger les produits depuis Payutc
INFO - 2014-09-21T15:45:49+02:00 - Calling getCategories function on CATALOG service
ERROR - 2014-09-21T15:45:49+02:00 - Impossible de charger les produits depuis Payutc
INFO - 2014-09-21T15:47:55+02:00 - Calling getCategories function on CATALOG service
ERROR - 2014-09-21T15:47:55+02:00 - Impossible de charger les produits depuis Payutc
INFO - 2014-09-21T15:48:13+02:00 - Calling getCategories function on CATALOG service
ERROR - 2014-09-21T15:48:13+02:00 - Impossible de charger les produits depuis Payutc
INFO - 2014-09-21T15:53:07+02:00 - Calling getCategories function on CATALOG service
ERROR - 2014-09-21T15:53:07+02:00 - Impossible de charger les produits depuis Payutc
INFO - 2014-09-21T15:54:53+02:00 - Calling getCategories function on CATALOG service
ERROR - 2014-09-21T15:54:53+02:00 - Impossible de charger les produits depuis Payutc
INFO - 2014-09-21T15:55:20+02:00 - Calling getCategories function on CATALOG service
ERROR - 2014-09-21T15:55:20+02:00 - Impossible de charger les produits depuis Payutc
INFO - 2014-09-21T17:37:50+02:00 - Calling getCategories function on CATALOG service
ERROR - 2014-09-21T17:37:50+02:00 - Impossible de charger les produits depuis Payutc
INFO - 2014-09-21T18:04:02+02:00 - Calling getCategories function on CATALOG service
ERROR - 2014-09-21T18:04:02+02:00 - Impossible de charger les produits depuis Payutc
INFO - 2014-09-21T18:12:46+02:00 - Calling getCategories function on CATALOG service
ERROR - 2014-09-21T18:12:46+02:00 - Impossible de charger les produits depuis Payutc
INFO - 2014-09-21T18:14:51+02:00 - Calling getCategories function on CATALOG service
ERROR - 2014-09-21T18:14:51+02:00 - Impossible de charger les produits depuis Payutc
INFO - 2014-09-21T18:15:33+02:00 - Calling getCategories function on CATALOG service
ERROR - 2014-09-21T18:15:33+02:00 - Impossible de charger les produits depuis Payutc
INFO - 2014-09-21T18:15:46+02:00 - Calling getCategories function on CATALOG service
ERROR - 2014-09-21T18:15:46+02:00 - Impossible de charger les produits depuis Payutc
INFO - 2014-09-21T18:30:23+02:00 - Calling getCategories function on CATALOG service
ERROR - 2014-09-21T18:30:23+02:00 - Impossible de charger les produits depuis Payutc
INFO - 2014-09-21T18:30:42+02:00 - Calling getCategories function on CATALOG service
ERROR - 2014-09-21T18:30:42+02:00 - Impossible de charger les produits depuis Payutc
INFO - 2014-09-21T18:31:04+02:00 - Calling getCategories function on CATALOG service
ERROR - 2014-09-21T18:31:04+02:00 - Impossible de charger les produits depuis Payutc
INFO - 2014-09-21T18:33:50+02:00 - Calling getCategories function on CATALOG service
ERROR - 2014-09-21T18:33:50+02:00 - Impossible de charger les produits depuis Payutc
